<?xml version="1.0" encoding="UTF-8"?>
<testng-results skipped="0" failed="0" ignored="0" total="1" passed="1">
  <reporter-output>
  </reporter-output>
  <suite name="Default suite" duration-ms="43762" started-at="2019-11-25T17:41:33 IST" finished-at="2019-11-25T17:42:17 IST">
    <groups>
    </groups>
    <test name="Default test" duration-ms="43762" started-at="2019-11-25T17:41:33 IST" finished-at="2019-11-25T17:42:17 IST">
      <class name="MobileAppium.AppiumMaven.AccountInfo">
        <test-method status="PASS" signature="setUp()[pri:0, instance:MobileAppium.AppiumMaven.AccountInfo@396f6598]" name="setUp" is-config="true" duration-ms="15366" started-at="2019-11-25T17:41:33 IST" finished-at="2019-11-25T17:41:48 IST">
          <reporter-output>
          </reporter-output>
        </test-method> <!-- setUp -->
        <test-method status="PASS" signature="testUntitled()[pri:0, instance:MobileAppium.AppiumMaven.AccountInfo@396f6598]" name="testUntitled" duration-ms="28306" started-at="2019-11-25T17:41:48 IST" finished-at="2019-11-25T17:42:17 IST">
          <reporter-output>
          </reporter-output>
        </test-method> <!-- testUntitled -->
        <test-method status="PASS" signature="tearDown()[pri:0, instance:MobileAppium.AppiumMaven.AccountInfo@396f6598]" name="tearDown" is-config="true" duration-ms="0" started-at="2019-11-25T17:42:17 IST" finished-at="2019-11-25T17:42:17 IST">
          <reporter-output>
          </reporter-output>
        </test-method> <!-- tearDown -->
      </class> <!-- MobileAppium.AppiumMaven.AccountInfo -->
    </test> <!-- Default test -->
  </suite> <!-- Default suite -->
</testng-results>
